# JRE version: OpenJDK Runtime Environment (11.0+28) (build 11+28)
# Java VM: OpenJDK 64-Bit Server VM (11+28, mixed mode, tiered, compressed oops, g1 gc, linux-amd64)
Heap:
 garbage-first heap   total 251904K, used 61447K [0x000000070ae00000, 0x0000000800000000)
  region size 1024K, 50 young (51200K), 4 survivors (4096K)
 Metaspace       used 50180K, capacity 51967K, committed 52304K, reserved 1095680K
  class space    used 6090K, capacity 6848K, committed 6912K, reserved 1048576K
GC Heap History (6 events):
Event: 0.309 GC heap before
{Heap before GC invocations=0 (full 0):
 garbage-first heap   total 251904K, used 15360K [0x000000070ae00000, 0x0000000800000000)
  region size 1024K, 14 young (14336K), 0 survivors (0K)
 Metaspace       used 6392K, capacity 6491K, committed 6784K, reserved 1056768K
  class space    used 559K, capacity 607K, committed 640K, reserved 1048576K
}
Event: 0.311 GC heap after
{Heap after GC invocations=1 (full 0):
 garbage-first heap   total 251904K, used 1176K [0x000000070ae00000, 0x0000000800000000)
  region size 1024K, 2 young (2048K), 2 survivors (2048K)
 Metaspace       used 6392K, capacity 6491K, committed 6784K, reserved 1056768K
  class space    used 559K, capacity 607K, committed 640K, reserved 1048576K
}
Event: 1.505 GC heap before
{Heap before GC invocations=1 (full 0):
 garbage-first heap   total 251904K, used 52376K [0x000000070ae00000, 0x0000000800000000)
  region size 1024K, 51 young (52224K), 2 survivors (2048K)
 Metaspace       used 20424K, capacity 21099K, committed 21296K, reserved 1067008K
  class space    used 2574K, capacity 2862K, committed 2944K, reserved 1048576K
}
Event: 1.522 GC heap after
{Heap after GC invocations=2 (full 0):
 garbage-first heap   total 251904K, used 10240K [0x000000070ae00000, 0x0000000800000000)
  region size 1024K, 8 young (8192K), 8 survivors (8192K)
 Metaspace       used 20424K, capacity 21099K, committed 21296K, reserved 1067008K
  class space    used 2574K, capacity 2862K, committed 2944K, reserved 1048576K
}
Event: 5.006 GC heap before
{Heap before GC invocations=3 (full 0):
 garbage-first heap   total 251904K, used 57344K [0x000000070ae00000, 0x0000000800000000)
  region size 1024K, 54 young (55296K), 8 survivors (8192K)
 Metaspace       used 34548K, capacity 35764K, committed 35920K, reserved 1081344K
  class space    used 4247K, capacity 4758K, committed 4864K, reserved 1048576K
}
Event: 5.022 GC heap after
{Heap after GC invocations=4 (full 0):
 garbage-first heap   total 251904K, used 16391K [0x000000070ae00000, 0x0000000800000000)
  region size 1024K, 4 young (4096K), 4 survivors (4096K)
 Metaspace       used 34548K, capacity 35764K, committed 35920K, reserved 1081344K
  class space    used 4247K, capacity 4758K, committed 4864K, reserved 1048576K
}

